<?xml version="1.0" encoding="UTF-8"?>
<testsuite xmlns:xsi="http://www.w3.org/2001/XMLSchema-instance" xsi:noNamespaceSchemaLocation="https://maven.apache.org/surefire/maven-surefire-plugin/xsd/surefire-test-report.xsd" name="test.java.yaksha.CinemaTicketTest" time="0.038" tests="3" errors="1" skipped="0" failures="0">
  <properties>
[...]
</properties>
  <testcase name="testCalculateCost" classname="test.java.yaksha.CinemaTicketTest" time="0.022">
    <error type="java.lang.NullPointerException">java.lang.NullPointerException
	at test.java.yaksha.CinemaTicketTest.testCalculateCost(CinemaTicketTest.java:32)
</error>
  </testcase>
  <testcase name="testExceptionConditon" classname="test.java.yaksha.CinemaTicketTest" time="0.004"/>
  <testcase name="testBoundaryCondition" classname="test.java.yaksha.CinemaTicketTest" time="0.007"/>
</testsuite>