-------------------------------------------------------------------------------
Test set: test.java.yaksha.CinemaTicketTest
-------------------------------------------------------------------------------
Tests run: 3, Failures: 0, Errors: 1, Skipped: 0, Time elapsed: 0.038 s <<< FAILURE! - in test.java.yaksha.CinemaTicketTest
testCalculateCost  Time elapsed: 0.022 s  <<< ERROR!
java.lang.NullPointerException
	at test.java.yaksha.CinemaTicketTest.testCalculateCost(CinemaTicketTest.java:32)

